  imgui.cpp
  imgui_demo.cpp
  imgui_draw.cpp
  imgui_impl_glfw.cpp
  imgui_impl_opengl3.cpp
  imgui_tables.cpp
  imgui_widgets.cpp
  Application.cpp
  Camera.cpp
C:\Program Files (x86)\Windows Kits\10\Include\10.0.22000.0\shared\minwindef.h(130,1): warning C4005: 'APIENTRY': macro redefinition
D:\dev\engine\brayjl\Vendor\glad\include\glad\glad.h(32,1): message : see previous definition of 'APIENTRY'
  EditorInstance.cpp
C:\Program Files (x86)\Windows Kits\10\Include\10.0.22000.0\shared\minwindef.h(130,1): warning C4005: 'APIENTRY': macro redefinition
D:\dev\engine\brayjl\Vendor\glad\include\glad\glad.h(32,1): message : see previous definition of 'APIENTRY'
  EntityListPanel.cpp
D:\dev\engine\brayjl\Editor\Source\Editor\Panels\EntityListPanel.cpp(37,31): warning C4267: '=': conversion from 'size_t' to 'int', possible loss of data
  PropertiesPanel.cpp
  ViewportPanel.cpp
C:\Program Files (x86)\Windows Kits\10\Include\10.0.22000.0\shared\minwindef.h(130,1): warning C4005: 'APIENTRY': macro redefinition
D:\dev\engine\brayjl\Vendor\glad\include\glad\glad.h(32,1): message : see previous definition of 'APIENTRY'
D:\dev\engine\brayjl\Editor\Source\Editor\Panels\ViewportPanel.cpp(39,4): warning C4312: 'type cast': conversion from 'unsigned int' to 'void *' of greater size
  Main.cpp
  Generating Code...
  glad.c
  Editor.vcxproj -> D:\dev\engine\brayjl\Bin\Release\x86_64\Editor.exe
