  glad.c
  Logger.cpp
  Utilities.cpp
  ComponentManager.cpp
  EntityManager.cpp
  RenderSystem.cpp
  Framebuffer.cpp
C:\Program Files (x86)\Windows Kits\10\Include\10.0.22000.0\shared\minwindef.h(130,1): warning C4005: 'APIENTRY': macro redefinition
D:\dev\engine\brayjl\Vendor\glad\include\glad\glad.h(32,1): message : see previous definition of 'APIENTRY'
  Mesh.cpp
C:\Program Files (x86)\Windows Kits\10\Include\10.0.22000.0\shared\minwindef.h(130,1): warning C4005: 'APIENTRY': macro redefinition
D:\dev\engine\brayjl\Vendor\glad\include\GLAD\glad.h(32,1): message : see previous definition of 'APIENTRY'
D:\dev\engine\brayjl\Engine\Source\Graphics\Mesh.cpp(34,44): warning C4267: 'argument': conversion from 'size_t' to 'GLsizei', possible loss of data
  Model.cpp
  Shader.cpp
C:\Program Files (x86)\Windows Kits\10\Include\10.0.22000.0\shared\minwindef.h(130,1): warning C4005: 'APIENTRY': macro redefinition
D:\dev\engine\brayjl\Vendor\glad\include\glad\glad.h(32,1): message : see previous definition of 'APIENTRY'
  Stb.cpp
  InputHandler.cpp
C:\Program Files (x86)\Windows Kits\10\Include\10.0.22000.0\shared\minwindef.h(130,1): warning C4005: 'APIENTRY': macro redefinition
D:\dev\engine\brayjl\Vendor\glad\include\glad\glad.h(32,1): message : see previous definition of 'APIENTRY'
  Window.cpp
C:\Program Files (x86)\Windows Kits\10\Include\10.0.22000.0\shared\minwindef.h(130,1): warning C4005: 'APIENTRY': macro redefinition
D:\dev\engine\brayjl\Vendor\glad\include\glad\glad.h(32,1): message : see previous definition of 'APIENTRY'
D:\dev\engine\brayjl\Engine\Source\Platform\Window.cpp(119,32): warning C4244: 'initializing': conversion from 'double' to 'float', possible loss of data
  Generating Code...
assimp-vc143-mt.lib(assimp-vc143-mt.dll) : warning LNK4006: __NULL_IMPORT_DESCRIPTOR already defined in opengl32.lib(OPENGL32.dll); second definition ignored
  Engine.vcxproj -> D:\dev\engine\brayjl\Bin\Release\x86_64\Engine.lib
